[2014-12-10 12:28:26] - La route /brahim associée à la méthode GET n'existe pas
[2014-12-10 12:29:03] - La route /brahim associée à la méthode GET n'existe pas
[2014-12-10 12:29:12] - La route /arthur associée à la méthode GET n'existe pas
[2014-12-10 12:29:22] - La route /fabien associée à la méthode GET n'existe pas
[2014-12-10 13:57:50] - La route /fabienf associée à la méthode GET n'existe pas
[warning][2014-12-10 14:23:59] - La route /fabienfuyjt associée à la méthode GET n'existe pas
[warning][2014-12-10 14:24:52] - La route /fabienfuyjt associée à la méthode GET n'existe pas
[2014-12-10 15:33:25] - La route /pedrolasaumure associée à la méthode GET n'existe pas
[2014-12-10 20:19:00] - La route /vincent associée à la méthode GET n'existe pas
[2014-12-10 20:26:56] - La route /Anastasia associée à la méthode GET n'existe pas
[2014-12-10 20:39:56] - La route /toto associée à la méthode GET n'existe pas
[2014-12-10 20:47:22] - La route /wazaaaaaaaaaaaaaaaaaaa associée à la méthode GET n'existe pas
[2014-12-11 09:34:24] - La route /zefgzergze associée à la méthode GET n'existe pas
[2014-12-11 10:05:17] - La route /register associée à la méthode GET n'existe pas
[2014-12-11 10:06:47] - La route /register associée à la méthode GET n'existe pas
[2014-12-11 10:06:48] - La route /register associée à la méthode GET n'existe pas
[2014-12-11 10:06:48] - La route /register associée à la méthode GET n'existe pas
[2014-12-11 10:06:49] - La route /register associée à la méthode GET n'existe pas
[2014-12-11 10:07:15] - La route /register associée à la méthode GET n'existe pas
[2014-12-11 10:07:15] - La route /register associée à la méthode GET n'existe pas
[2014-12-11 10:07:16] - La route /register associée à la méthode GET n'existe pas
[2014-12-11 10:07:16] - La route /register associée à la méthode GET n'existe pas
[2014-12-11 10:07:16] - La route /register associée à la méthode GET n'existe pas
[2014-12-11 10:35:23] - La route /registered associée à la méthode GET n'existe pas
[2014-12-11 11:09:30] - le controller "\Iut\Controller\UserController" n'a pas été trouvé
[2014-12-11 14:19:15] - La route / associée à la méthode GET n'existe pas
[2014-12-11 14:19:16] - La route / associée à la méthode GET n'existe pas
[2014-12-11 14:19:16] - La route / associée à la méthode GET n'existe pas
[2014-12-11 14:19:17] - La route / associée à la méthode GET n'existe pas
[2014-12-11 14:19:17] - La route / associée à la méthode GET n'existe pas
[2014-12-11 14:20:53] - La route / associée à la méthode GET n'existe pas
[2014-12-11 14:20:54] - La route / associée à la méthode GET n'existe pas
